2026-02-18 18:03:32 ERROR o.s.boot.SpringApplication - Application run failed
 java.lang.IllegalStateException: java.lang.IllegalStateException: Logback configuration error detected: 
ERROR in ch.qos.logback.core.model.processor.FileCollisionAnalyser - Collision detected. Skipping initialization of appender named [SQLLogs]
ERROR in ch.qos.logback.core.model.processor.FileCollisionAnalyser - In appender [SQLLogs] option 'fileNamePattern' has the same value 'logs/sql.%d{yyyy-MM-dd}.log' as that set for appender [HikariLogs] defined earlier
	at org.springframework.boot.context.logging.LoggingApplicationListener.initializeSystem(LoggingApplicationListener.java:347)
Caused by: java.lang.IllegalStateException: Logback configuration error detected: 
ERROR in ch.qos.logback.core.model.processor.FileCollisionAnalyser - Collision detected. Skipping initialization of appender named [SQLLogs]
ERROR in ch.qos.logback.core.model.processor.FileCollisionAnalyser - In appender [SQLLogs] option 'fileNamePattern' has the same value 'logs/sql.%d{yyyy-MM-dd}.log' as that set for appender [HikariLogs] defined earlier
	at org.springframework.boot.logging.logback.LogbackLoggingSystem.reportConfigurationErrorsIfNecessary(LogbackLoggingSystem.java:289)
2026-02-18 18:07:01 INFO  o.h.validator.internal.util.Version - HV000001: Hibernate Validator 8.0.3.Final
 2026-02-18 18:07:01 INFO  g.a.c.schoolapp.SchoolappApplication - Starting SchoolappApplication using Java 21.0.8 with PID 14616 (C:\Users\stefa\IdeaProjects\schoolapp9ssr\build\classes\java\main started by stef in C:\Users\stefa\IdeaProjects\schoolapp9ssr)
 2026-02-18 18:07:01 INFO  g.a.c.schoolapp.SchoolappApplication - The following 1 profile is active: "dev"
 2026-02-18 18:07:01 INFO  o.s.b.d.e.DevToolsPropertyDefaultsPostProcessor - Devtools property defaults active! Set 'spring.devtools.add-properties' to 'false' to disable
 2026-02-18 18:07:01 INFO  o.s.b.d.e.DevToolsPropertyDefaultsPostProcessor - For additional web related logging consider setting the 'logging.level.web' property to 'DEBUG'
 2026-02-18 18:07:03 INFO  o.s.d.r.c.RepositoryConfigurationDelegate - Bootstrapping Spring Data JPA repositories in DEFAULT mode.
 2026-02-18 18:07:03 INFO  o.s.d.r.c.RepositoryConfigurationDelegate - Finished Spring Data repository scanning in 91 ms. Found 5 JPA repository interfaces.
 2026-02-18 18:07:04 INFO  o.s.b.w.e.tomcat.TomcatWebServer - Tomcat initialized with port 8080 (http)
 2026-02-18 18:07:04 INFO  o.s.b.w.s.c.ServletWebServerApplicationContext - Root WebApplicationContext: initialization completed in 3038 ms
 2026-02-18 18:07:06 INFO  org.flywaydb.core.FlywayExecutor - Database: jdbc:mysql://localhost:3306/school9ssr?useSSL=true&serverTimezone=UTC (MySQL 8.0)
 2026-02-18 18:07:06 INFO  o.f.core.internal.command.DbValidate - Successfully validated 6 migrations (execution time 00:00.086s)
 2026-02-18 18:07:06 INFO  o.f.core.internal.command.DbMigrate - Current version of schema `school9ssr`: 6
 2026-02-18 18:07:06 INFO  o.f.core.internal.command.DbMigrate - Schema `school9ssr` is up to date. No migration necessary.
 2026-02-18 18:07:07 INFO  org.hibernate.Version - HHH000412: Hibernate ORM core version 6.6.41.Final
 2026-02-18 18:07:07 INFO  o.h.c.i.RegionFactoryInitiator - HHH000026: Second-level cache disabled
 2026-02-18 18:07:07 INFO  o.s.o.j.p.SpringPersistenceUnitInfo - No LoadTimeWeaver setup: ignoring JPA class transformer
 2026-02-18 18:07:07 WARN  org.hibernate.orm.deprecation - HHH90000025: MySQL8Dialect does not need to be specified explicitly using 'hibernate.dialect' (remove the property setting and it will be selected by default)
 2026-02-18 18:07:07 WARN  org.hibernate.orm.deprecation - HHH90000026: MySQL8Dialect has been deprecated; use org.hibernate.dialect.MySQLDialect instead
 2026-02-18 18:07:07 INFO  o.hibernate.orm.connections.pooling - HHH10001005: Database info:
	Database JDBC URL [Connecting through datasource 'HikariDataSource (HikariPool-1)']
	Database driver: undefined/unknown
	Database version: 8.0
	Autocommit mode: undefined/unknown
	Isolation level: undefined/unknown
	Minimum pool size: undefined/unknown
	Maximum pool size: undefined/unknown
 2026-02-18 18:07:09 INFO  o.h.e.t.j.p.i.JtaPlatformInitiator - HHH000489: No JTA platform available (set 'hibernate.transaction.jta.platform' to enable JTA platform integration)
 2026-02-18 18:07:09 INFO  o.s.o.j.LocalContainerEntityManagerFactoryBean - Initialized JPA EntityManagerFactory for persistence unit 'default'
 2026-02-18 18:07:11 INFO  o.s.s.c.a.a.c.InitializeUserDetailsBeanManagerConfigurer$InitializeUserDetailsManagerConfigurer - Global AuthenticationManager configured with UserDetailsService bean with name customUserDetailsService
 2026-02-18 18:07:11 INFO  o.s.b.d.a.OptionalLiveReloadServer - LiveReload server is running on port 35729
 2026-02-18 18:07:11 INFO  o.s.b.w.e.tomcat.TomcatWebServer - Tomcat started on port 8080 (http) with context path '/'
 2026-02-18 18:07:11 INFO  g.a.c.schoolapp.SchoolappApplication - Started SchoolappApplication in 11.093 seconds (process running for 11.779)
 2026-02-18 18:07:18 INFO  o.s.web.servlet.DispatcherServlet - Initializing Servlet 'dispatcherServlet'
 2026-02-18 18:07:18 INFO  o.s.web.servlet.DispatcherServlet - Completed initialization in 4 ms
 2026-02-18 18:24:07 INFO  g.a.cf.schoolapp.service.UserService - Save succeeded for user with username=admin@aueb.gr.
 2026-02-18 18:24:39 INFO  g.a.cf.schoolapp.service.UserService - Save succeeded for user with username=cf@aueb.gr.
 2026-02-18 18:47:54 INFO  o.h.validator.internal.util.Version - HV000001: Hibernate Validator 8.0.3.Final
 2026-02-18 18:47:54 INFO  g.a.c.schoolapp.SchoolappApplication - Starting SchoolappApplication using Java 21.0.8 with PID 20748 (C:\Users\stefa\IdeaProjects\schoolapp9ssr\build\classes\java\main started by stef in C:\Users\stefa\IdeaProjects\schoolapp9ssr)
 2026-02-18 18:47:54 INFO  g.a.c.schoolapp.SchoolappApplication - The following 1 profile is active: "dev"
 2026-02-18 18:47:54 INFO  o.s.b.d.e.DevToolsPropertyDefaultsPostProcessor - Devtools property defaults active! Set 'spring.devtools.add-properties' to 'false' to disable
 2026-02-18 18:47:54 INFO  o.s.b.d.e.DevToolsPropertyDefaultsPostProcessor - For additional web related logging consider setting the 'logging.level.web' property to 'DEBUG'
 2026-02-18 18:47:55 INFO  o.s.d.r.c.RepositoryConfigurationDelegate - Bootstrapping Spring Data JPA repositories in DEFAULT mode.
 2026-02-18 18:47:55 INFO  o.s.d.r.c.RepositoryConfigurationDelegate - Finished Spring Data repository scanning in 84 ms. Found 5 JPA repository interfaces.
 2026-02-18 18:47:57 INFO  o.s.b.w.e.tomcat.TomcatWebServer - Tomcat initialized with port 8080 (http)
 2026-02-18 18:47:57 INFO  o.s.b.w.s.c.ServletWebServerApplicationContext - Root WebApplicationContext: initialization completed in 2683 ms
 2026-02-18 18:47:58 INFO  org.flywaydb.core.FlywayExecutor - Database: jdbc:mysql://localhost:3306/school9ssr?useSSL=true&serverTimezone=UTC (MySQL 8.0)
 2026-02-18 18:47:59 INFO  o.f.core.internal.command.DbValidate - Successfully validated 6 migrations (execution time 00:00.066s)
 2026-02-18 18:47:59 INFO  o.f.core.internal.command.DbMigrate - Current version of schema `school9ssr`: 6
 2026-02-18 18:47:59 INFO  o.f.core.internal.command.DbMigrate - Schema `school9ssr` is up to date. No migration necessary.
 2026-02-18 18:47:59 INFO  org.hibernate.Version - HHH000412: Hibernate ORM core version 6.6.41.Final
 2026-02-18 18:47:59 INFO  o.h.c.i.RegionFactoryInitiator - HHH000026: Second-level cache disabled
 2026-02-18 18:48:00 INFO  o.s.o.j.p.SpringPersistenceUnitInfo - No LoadTimeWeaver setup: ignoring JPA class transformer
 2026-02-18 18:48:00 WARN  org.hibernate.orm.deprecation - HHH90000025: MySQL8Dialect does not need to be specified explicitly using 'hibernate.dialect' (remove the property setting and it will be selected by default)
 2026-02-18 18:48:00 WARN  org.hibernate.orm.deprecation - HHH90000026: MySQL8Dialect has been deprecated; use org.hibernate.dialect.MySQLDialect instead
 2026-02-18 18:48:00 INFO  o.hibernate.orm.connections.pooling - HHH10001005: Database info:
	Database JDBC URL [Connecting through datasource 'HikariDataSource (HikariPool-1)']
	Database driver: undefined/unknown
	Database version: 8.0
	Autocommit mode: undefined/unknown
	Isolation level: undefined/unknown
	Minimum pool size: undefined/unknown
	Maximum pool size: undefined/unknown
 2026-02-18 18:48:03 INFO  o.h.e.t.j.p.i.JtaPlatformInitiator - HHH000489: No JTA platform available (set 'hibernate.transaction.jta.platform' to enable JTA platform integration)
 2026-02-18 18:48:03 INFO  o.s.o.j.LocalContainerEntityManagerFactoryBean - Initialized JPA EntityManagerFactory for persistence unit 'default'
 2026-02-18 18:48:04 INFO  o.s.b.a.w.s.WelcomePageHandlerMapping - Adding welcome page template: index
 2026-02-18 18:48:04 INFO  o.s.s.c.a.a.c.InitializeUserDetailsBeanManagerConfigurer$InitializeUserDetailsManagerConfigurer - Global AuthenticationManager configured with UserDetailsService bean with name customUserDetailsService
 2026-02-18 18:48:05 INFO  o.s.b.d.a.OptionalLiveReloadServer - LiveReload server is running on port 35729
 2026-02-18 18:48:05 INFO  o.s.b.w.e.tomcat.TomcatWebServer - Tomcat started on port 8080 (http) with context path '/'
 2026-02-18 18:48:05 INFO  g.a.c.schoolapp.SchoolappApplication - Started SchoolappApplication in 12.406 seconds (process running for 12.985)
 2026-02-18 18:48:06 INFO  o.s.web.servlet.DispatcherServlet - Initializing Servlet 'dispatcherServlet'
 2026-02-18 18:48:06 INFO  o.s.web.servlet.DispatcherServlet - Completed initialization in 2 ms
 2026-02-18 18:49:43 INFO  g.a.cf.schoolapp.service.UserService - Save succeeded for user with username=stefanos.
 2026-02-18 18:50:07 INFO  g.a.cf.schoolapp.service.UserService - Save succeeded for user with username=stefanos2.
 2026-02-18 18:51:17 INFO  g.a.cf.schoolapp.service.UserService - Save succeeded for user with username=stefanos3.
 2026-02-18 18:52:30 INFO  o.h.validator.internal.util.Version - HV000001: Hibernate Validator 8.0.3.Final
 2026-02-18 18:52:30 INFO  g.a.c.schoolapp.SchoolappApplication - Starting SchoolappApplication using Java 21.0.8 with PID 9588 (C:\Users\stefa\IdeaProjects\schoolapp9ssr\build\classes\java\main started by stef in C:\Users\stefa\IdeaProjects\schoolapp9ssr)
 2026-02-18 18:52:30 INFO  g.a.c.schoolapp.SchoolappApplication - The following 1 profile is active: "dev"
 2026-02-18 18:52:30 INFO  o.s.b.d.e.DevToolsPropertyDefaultsPostProcessor - Devtools property defaults active! Set 'spring.devtools.add-properties' to 'false' to disable
 2026-02-18 18:52:30 INFO  o.s.b.d.e.DevToolsPropertyDefaultsPostProcessor - For additional web related logging consider setting the 'logging.level.web' property to 'DEBUG'
 2026-02-18 18:52:31 INFO  o.s.d.r.c.RepositoryConfigurationDelegate - Bootstrapping Spring Data JPA repositories in DEFAULT mode.
 2026-02-18 18:52:31 INFO  o.s.d.r.c.RepositoryConfigurationDelegate - Finished Spring Data repository scanning in 80 ms. Found 5 JPA repository interfaces.
 2026-02-18 18:52:32 INFO  o.s.b.w.e.tomcat.TomcatWebServer - Tomcat initialized with port 8080 (http)
 2026-02-18 18:52:32 INFO  o.s.b.w.s.c.ServletWebServerApplicationContext - Root WebApplicationContext: initialization completed in 2366 ms
 2026-02-18 18:52:33 INFO  org.flywaydb.core.FlywayExecutor - Database: jdbc:mysql://localhost:3306/school9ssr?useSSL=true&serverTimezone=UTC (MySQL 8.0)
 2026-02-18 18:52:34 INFO  o.f.core.internal.command.DbValidate - Successfully validated 6 migrations (execution time 00:00.050s)
 2026-02-18 18:52:34 INFO  o.f.core.internal.command.DbMigrate - Current version of schema `school9ssr`: 6
 2026-02-18 18:52:34 INFO  o.f.core.internal.command.DbMigrate - Schema `school9ssr` is up to date. No migration necessary.
 2026-02-18 18:52:34 INFO  org.hibernate.Version - HHH000412: Hibernate ORM core version 6.6.41.Final
 2026-02-18 18:52:34 INFO  o.h.c.i.RegionFactoryInitiator - HHH000026: Second-level cache disabled
 2026-02-18 18:52:35 INFO  o.s.o.j.p.SpringPersistenceUnitInfo - No LoadTimeWeaver setup: ignoring JPA class transformer
 2026-02-18 18:52:35 WARN  org.hibernate.orm.deprecation - HHH90000025: MySQL8Dialect does not need to be specified explicitly using 'hibernate.dialect' (remove the property setting and it will be selected by default)
 2026-02-18 18:52:35 WARN  org.hibernate.orm.deprecation - HHH90000026: MySQL8Dialect has been deprecated; use org.hibernate.dialect.MySQLDialect instead
 2026-02-18 18:52:35 INFO  o.hibernate.orm.connections.pooling - HHH10001005: Database info:
	Database JDBC URL [Connecting through datasource 'HikariDataSource (HikariPool-1)']
	Database driver: undefined/unknown
	Database version: 8.0
	Autocommit mode: undefined/unknown
	Isolation level: undefined/unknown
	Minimum pool size: undefined/unknown
	Maximum pool size: undefined/unknown
 2026-02-18 18:52:37 INFO  o.h.e.t.j.p.i.JtaPlatformInitiator - HHH000489: No JTA platform available (set 'hibernate.transaction.jta.platform' to enable JTA platform integration)
 2026-02-18 18:52:37 INFO  o.s.o.j.LocalContainerEntityManagerFactoryBean - Initialized JPA EntityManagerFactory for persistence unit 'default'
 2026-02-18 18:52:38 INFO  o.s.b.a.w.s.WelcomePageHandlerMapping - Adding welcome page template: index
 2026-02-18 18:52:39 INFO  o.s.s.c.a.a.c.InitializeUserDetailsBeanManagerConfigurer$InitializeUserDetailsManagerConfigurer - Global AuthenticationManager configured with UserDetailsService bean with name customUserDetailsService
 2026-02-18 18:52:40 INFO  o.s.b.d.a.OptionalLiveReloadServer - LiveReload server is running on port 35729
 2026-02-18 18:52:40 INFO  o.s.b.w.e.tomcat.TomcatWebServer - Tomcat started on port 8080 (http) with context path '/'
 2026-02-18 18:52:40 INFO  g.a.c.schoolapp.SchoolappApplication - Started SchoolappApplication in 10.915 seconds (process running for 11.529)
 2026-02-18 18:52:40 INFO  o.s.web.servlet.DispatcherServlet - Initializing Servlet 'dispatcherServlet'
 2026-02-18 18:52:40 INFO  o.s.web.servlet.DispatcherServlet - Completed initialization in 2 ms
 2026-02-18 18:53:00 ERROR o.s.s.w.a.UsernamePasswordAuthenticationFilter - An internal error occurred while trying to authenticate the user.
 org.springframework.security.authentication.InternalAuthenticationServiceException: Unable to locate Attribute with the given name [roles_capabilities] on this ManagedType [gr.aueb.cf.schoolapp.model.User]
	at org.springframework.security.authentication.dao.DaoAuthenticationProvider.retrieveUser(DaoAuthenticationProvider.java:136)
Caused by: org.springframework.dao.InvalidDataAccessApiUsageException: Unable to locate Attribute with the given name [roles_capabilities] on this ManagedType [gr.aueb.cf.schoolapp.model.User]
	at org.springframework.orm.jpa.EntityManagerFactoryUtils.convertJpaAccessExceptionIfPossible(EntityManagerFactoryUtils.java:371)
Caused by: java.lang.IllegalArgumentException: Unable to locate Attribute with the given name [roles_capabilities] on this ManagedType [gr.aueb.cf.schoolapp.model.User]
	at org.hibernate.metamodel.model.domain.AbstractManagedType.checkNotNull(AbstractManagedType.java:225)
2026-02-18 18:53:00 WARN  g.a.c.s.a.CustomAuthenticationFailureHandler - Authentication failed for username=stefanos3 from ip=127.0.0.1 and userAgent=Mozilla/5.0 (Windows NT 10.0; Win64; x64) AppleWebKit/537.36 (KHTML, like Gecko) Chrome/144.0.0.0 Safari/537.36
 2026-02-18 18:53:10 ERROR o.s.s.w.a.UsernamePasswordAuthenticationFilter - An internal error occurred while trying to authenticate the user.
 org.springframework.security.authentication.InternalAuthenticationServiceException: Unable to locate Attribute with the given name [roles_capabilities] on this ManagedType [gr.aueb.cf.schoolapp.model.User]
	at org.springframework.security.authentication.dao.DaoAuthenticationProvider.retrieveUser(DaoAuthenticationProvider.java:136)
Caused by: org.springframework.dao.InvalidDataAccessApiUsageException: Unable to locate Attribute with the given name [roles_capabilities] on this ManagedType [gr.aueb.cf.schoolapp.model.User]
	at org.springframework.orm.jpa.EntityManagerFactoryUtils.convertJpaAccessExceptionIfPossible(EntityManagerFactoryUtils.java:371)
Caused by: java.lang.IllegalArgumentException: Unable to locate Attribute with the given name [roles_capabilities] on this ManagedType [gr.aueb.cf.schoolapp.model.User]
	at org.hibernate.metamodel.model.domain.AbstractManagedType.checkNotNull(AbstractManagedType.java:225)
2026-02-18 18:53:10 WARN  g.a.c.s.a.CustomAuthenticationFailureHandler - Authentication failed for username=stefanos3 from ip=127.0.0.1 and userAgent=Mozilla/5.0 (Windows NT 10.0; Win64; x64) AppleWebKit/537.36 (KHTML, like Gecko) Chrome/144.0.0.0 Safari/537.36
 2026-02-18 18:53:27 ERROR o.s.s.w.a.UsernamePasswordAuthenticationFilter - An internal error occurred while trying to authenticate the user.
 org.springframework.security.authentication.InternalAuthenticationServiceException: Unable to locate Attribute with the given name [roles_capabilities] on this ManagedType [gr.aueb.cf.schoolapp.model.User]
	at org.springframework.security.authentication.dao.DaoAuthenticationProvider.retrieveUser(DaoAuthenticationProvider.java:136)
Caused by: org.springframework.dao.InvalidDataAccessApiUsageException: Unable to locate Attribute with the given name [roles_capabilities] on this ManagedType [gr.aueb.cf.schoolapp.model.User]
	at org.springframework.orm.jpa.EntityManagerFactoryUtils.convertJpaAccessExceptionIfPossible(EntityManagerFactoryUtils.java:371)
Caused by: java.lang.IllegalArgumentException: Unable to locate Attribute with the given name [roles_capabilities] on this ManagedType [gr.aueb.cf.schoolapp.model.User]
	at org.hibernate.metamodel.model.domain.AbstractManagedType.checkNotNull(AbstractManagedType.java:225)
2026-02-18 18:53:27 WARN  g.a.c.s.a.CustomAuthenticationFailureHandler - Authentication failed for username=admin@aueb.gr from ip=127.0.0.1 and userAgent=Mozilla/5.0 (Windows NT 10.0; Win64; x64) AppleWebKit/537.36 (KHTML, like Gecko) Chrome/144.0.0.0 Safari/537.36
 2026-02-18 18:53:36 ERROR o.s.s.w.a.UsernamePasswordAuthenticationFilter - An internal error occurred while trying to authenticate the user.
 org.springframework.security.authentication.InternalAuthenticationServiceException: Unable to locate Attribute with the given name [roles_capabilities] on this ManagedType [gr.aueb.cf.schoolapp.model.User]
	at org.springframework.security.authentication.dao.DaoAuthenticationProvider.retrieveUser(DaoAuthenticationProvider.java:136)
Caused by: org.springframework.dao.InvalidDataAccessApiUsageException: Unable to locate Attribute with the given name [roles_capabilities] on this ManagedType [gr.aueb.cf.schoolapp.model.User]
	at org.springframework.orm.jpa.EntityManagerFactoryUtils.convertJpaAccessExceptionIfPossible(EntityManagerFactoryUtils.java:371)
Caused by: java.lang.IllegalArgumentException: Unable to locate Attribute with the given name [roles_capabilities] on this ManagedType [gr.aueb.cf.schoolapp.model.User]
	at org.hibernate.metamodel.model.domain.AbstractManagedType.checkNotNull(AbstractManagedType.java:225)
2026-02-18 18:53:36 WARN  g.a.c.s.a.CustomAuthenticationFailureHandler - Authentication failed for username=admin@aueb.gr from ip=127.0.0.1 and userAgent=Mozilla/5.0 (Windows NT 10.0; Win64; x64) AppleWebKit/537.36 (KHTML, like Gecko) Chrome/144.0.0.0 Safari/537.36
 2026-02-18 18:54:27 ERROR o.s.s.w.a.UsernamePasswordAuthenticationFilter - An internal error occurred while trying to authenticate the user.
 org.springframework.security.authentication.InternalAuthenticationServiceException: Unable to locate Attribute with the given name [roles_capabilities] on this ManagedType [gr.aueb.cf.schoolapp.model.User]
	at org.springframework.security.authentication.dao.DaoAuthenticationProvider.retrieveUser(DaoAuthenticationProvider.java:136)
Caused by: org.springframework.dao.InvalidDataAccessApiUsageException: Unable to locate Attribute with the given name [roles_capabilities] on this ManagedType [gr.aueb.cf.schoolapp.model.User]
	at org.springframework.orm.jpa.EntityManagerFactoryUtils.convertJpaAccessExceptionIfPossible(EntityManagerFactoryUtils.java:371)
Caused by: java.lang.IllegalArgumentException: Unable to locate Attribute with the given name [roles_capabilities] on this ManagedType [gr.aueb.cf.schoolapp.model.User]
	at org.hibernate.metamodel.model.domain.AbstractManagedType.checkNotNull(AbstractManagedType.java:225)
2026-02-18 18:54:27 WARN  g.a.c.s.a.CustomAuthenticationFailureHandler - Authentication failed for username=admin@aueb.gr from ip=127.0.0.1 and userAgent=Mozilla/5.0 (Windows NT 10.0; Win64; x64) AppleWebKit/537.36 (KHTML, like Gecko) Chrome/144.0.0.0 Safari/537.36
 2026-02-18 18:58:22 ERROR o.s.s.w.a.UsernamePasswordAuthenticationFilter - An internal error occurred while trying to authenticate the user.
 org.springframework.security.authentication.InternalAuthenticationServiceException: Unable to locate Attribute with the given name [roles_capabilities] on this ManagedType [gr.aueb.cf.schoolapp.model.User]
	at org.springframework.security.authentication.dao.DaoAuthenticationProvider.retrieveUser(DaoAuthenticationProvider.java:136)
Caused by: org.springframework.dao.InvalidDataAccessApiUsageException: Unable to locate Attribute with the given name [roles_capabilities] on this ManagedType [gr.aueb.cf.schoolapp.model.User]
	at org.springframework.orm.jpa.EntityManagerFactoryUtils.convertJpaAccessExceptionIfPossible(EntityManagerFactoryUtils.java:371)
Caused by: java.lang.IllegalArgumentException: Unable to locate Attribute with the given name [roles_capabilities] on this ManagedType [gr.aueb.cf.schoolapp.model.User]
	at org.hibernate.metamodel.model.domain.AbstractManagedType.checkNotNull(AbstractManagedType.java:225)
2026-02-18 18:58:22 WARN  g.a.c.s.a.CustomAuthenticationFailureHandler - Authentication failed for username=admin@aueb.gr from ip=0:0:0:0:0:0:0:1 and userAgent=Mozilla/5.0 (Windows NT 10.0; Win64; x64) AppleWebKit/537.36 (KHTML, like Gecko) Chrome/144.0.0.0 Safari/537.36
 2026-02-18 18:58:36 ERROR o.s.s.w.a.UsernamePasswordAuthenticationFilter - An internal error occurred while trying to authenticate the user.
 org.springframework.security.authentication.InternalAuthenticationServiceException: Unable to locate Attribute with the given name [roles_capabilities] on this ManagedType [gr.aueb.cf.schoolapp.model.User]
	at org.springframework.security.authentication.dao.DaoAuthenticationProvider.retrieveUser(DaoAuthenticationProvider.java:136)
Caused by: org.springframework.dao.InvalidDataAccessApiUsageException: Unable to locate Attribute with the given name [roles_capabilities] on this ManagedType [gr.aueb.cf.schoolapp.model.User]
	at org.springframework.orm.jpa.EntityManagerFactoryUtils.convertJpaAccessExceptionIfPossible(EntityManagerFactoryUtils.java:371)
Caused by: java.lang.IllegalArgumentException: Unable to locate Attribute with the given name [roles_capabilities] on this ManagedType [gr.aueb.cf.schoolapp.model.User]
	at org.hibernate.metamodel.model.domain.AbstractManagedType.checkNotNull(AbstractManagedType.java:225)
2026-02-18 18:58:36 WARN  g.a.c.s.a.CustomAuthenticationFailureHandler - Authentication failed for username=stefanos3 from ip=0:0:0:0:0:0:0:1 and userAgent=Mozilla/5.0 (Windows NT 10.0; Win64; x64) AppleWebKit/537.36 (KHTML, like Gecko) Chrome/144.0.0.0 Safari/537.36
 2026-02-18 19:02:10 INFO  o.h.validator.internal.util.Version - HV000001: Hibernate Validator 8.0.3.Final
 2026-02-18 19:02:10 INFO  g.a.c.schoolapp.SchoolappApplication - Starting SchoolappApplication using Java 21.0.8 with PID 13292 (C:\Users\stefa\IdeaProjects\schoolapp9ssr\build\classes\java\main started by stef in C:\Users\stefa\IdeaProjects\schoolapp9ssr)
 2026-02-18 19:02:10 INFO  g.a.c.schoolapp.SchoolappApplication - The following 1 profile is active: "dev"
 2026-02-18 19:02:11 INFO  o.s.b.d.e.DevToolsPropertyDefaultsPostProcessor - Devtools property defaults active! Set 'spring.devtools.add-properties' to 'false' to disable
 2026-02-18 19:02:11 INFO  o.s.b.d.e.DevToolsPropertyDefaultsPostProcessor - For additional web related logging consider setting the 'logging.level.web' property to 'DEBUG'
 2026-02-18 19:02:12 INFO  o.s.d.r.c.RepositoryConfigurationDelegate - Bootstrapping Spring Data JPA repositories in DEFAULT mode.
 2026-02-18 19:02:12 INFO  o.s.d.r.c.RepositoryConfigurationDelegate - Finished Spring Data repository scanning in 99 ms. Found 5 JPA repository interfaces.
 2026-02-18 19:02:13 INFO  o.s.b.w.e.tomcat.TomcatWebServer - Tomcat initialized with port 8080 (http)
 2026-02-18 19:02:13 INFO  o.s.b.w.s.c.ServletWebServerApplicationContext - Root WebApplicationContext: initialization completed in 2587 ms
 2026-02-18 19:02:14 INFO  org.flywaydb.core.FlywayExecutor - Database: jdbc:mysql://localhost:3306/school9ssr?useSSL=true&serverTimezone=UTC (MySQL 8.0)
 2026-02-18 19:02:15 INFO  o.f.core.internal.command.DbValidate - Successfully validated 6 migrations (execution time 00:00.046s)
 2026-02-18 19:02:15 INFO  o.f.core.internal.command.DbMigrate - Current version of schema `school9ssr`: 6
 2026-02-18 19:02:15 INFO  o.f.core.internal.command.DbMigrate - Schema `school9ssr` is up to date. No migration necessary.
 2026-02-18 19:02:15 INFO  org.hibernate.Version - HHH000412: Hibernate ORM core version 6.6.41.Final
 2026-02-18 19:02:15 INFO  o.h.c.i.RegionFactoryInitiator - HHH000026: Second-level cache disabled
 2026-02-18 19:02:15 INFO  o.s.o.j.p.SpringPersistenceUnitInfo - No LoadTimeWeaver setup: ignoring JPA class transformer
 2026-02-18 19:02:15 WARN  org.hibernate.orm.deprecation - HHH90000025: MySQL8Dialect does not need to be specified explicitly using 'hibernate.dialect' (remove the property setting and it will be selected by default)
 2026-02-18 19:02:15 WARN  org.hibernate.orm.deprecation - HHH90000026: MySQL8Dialect has been deprecated; use org.hibernate.dialect.MySQLDialect instead
 2026-02-18 19:02:16 INFO  o.hibernate.orm.connections.pooling - HHH10001005: Database info:
	Database JDBC URL [Connecting through datasource 'HikariDataSource (HikariPool-1)']
	Database driver: undefined/unknown
	Database version: 8.0
	Autocommit mode: undefined/unknown
	Isolation level: undefined/unknown
	Minimum pool size: undefined/unknown
	Maximum pool size: undefined/unknown
 2026-02-18 19:02:17 INFO  o.h.e.t.j.p.i.JtaPlatformInitiator - HHH000489: No JTA platform available (set 'hibernate.transaction.jta.platform' to enable JTA platform integration)
 2026-02-18 19:02:17 INFO  o.s.o.j.LocalContainerEntityManagerFactoryBean - Initialized JPA EntityManagerFactory for persistence unit 'default'
 2026-02-18 19:02:18 INFO  o.s.b.a.w.s.WelcomePageHandlerMapping - Adding welcome page template: index
 2026-02-18 19:02:18 INFO  o.s.s.c.a.a.c.InitializeUserDetailsBeanManagerConfigurer$InitializeUserDetailsManagerConfigurer - Global AuthenticationManager configured with UserDetailsService bean with name customUserDetailsService
 2026-02-18 19:02:19 INFO  o.s.b.d.a.OptionalLiveReloadServer - LiveReload server is running on port 35729
 2026-02-18 19:02:19 INFO  o.s.b.w.e.tomcat.TomcatWebServer - Tomcat started on port 8080 (http) with context path '/'
 2026-02-18 19:02:19 INFO  g.a.c.schoolapp.SchoolappApplication - Started SchoolappApplication in 9.451 seconds (process running for 10.114)
 2026-02-18 19:02:23 INFO  o.s.web.servlet.DispatcherServlet - Initializing Servlet 'dispatcherServlet'
 2026-02-18 19:02:23 INFO  o.s.web.servlet.DispatcherServlet - Completed initialization in 5 ms
 2026-02-18 19:19:23 INFO  o.h.validator.internal.util.Version - HV000001: Hibernate Validator 8.0.3.Final
 2026-02-18 19:19:23 INFO  g.a.c.schoolapp.SchoolappApplication - Starting SchoolappApplication using Java 21.0.8 with PID 11436 (C:\Users\stefa\IdeaProjects\schoolapp9ssr\build\classes\java\main started by stef in C:\Users\stefa\IdeaProjects\schoolapp9ssr)
 2026-02-18 19:19:23 INFO  g.a.c.schoolapp.SchoolappApplication - The following 1 profile is active: "dev"
 2026-02-18 19:19:23 INFO  o.s.b.d.e.DevToolsPropertyDefaultsPostProcessor - Devtools property defaults active! Set 'spring.devtools.add-properties' to 'false' to disable
 2026-02-18 19:19:23 INFO  o.s.b.d.e.DevToolsPropertyDefaultsPostProcessor - For additional web related logging consider setting the 'logging.level.web' property to 'DEBUG'
 2026-02-18 19:19:24 INFO  o.s.d.r.c.RepositoryConfigurationDelegate - Bootstrapping Spring Data JPA repositories in DEFAULT mode.
 2026-02-18 19:19:24 INFO  o.s.d.r.c.RepositoryConfigurationDelegate - Finished Spring Data repository scanning in 95 ms. Found 5 JPA repository interfaces.
 2026-02-18 19:19:26 INFO  o.s.b.w.e.tomcat.TomcatWebServer - Tomcat initialized with port 8080 (http)
 2026-02-18 19:19:26 INFO  o.s.b.w.s.c.ServletWebServerApplicationContext - Root WebApplicationContext: initialization completed in 3617 ms
 2026-02-18 19:19:28 INFO  org.flywaydb.core.FlywayExecutor - Database: jdbc:mysql://localhost:3306/school9ssr?useSSL=true&serverTimezone=UTC (MySQL 8.0)
 2026-02-18 19:19:29 INFO  o.f.core.internal.command.DbValidate - Successfully validated 6 migrations (execution time 00:00.057s)
 2026-02-18 19:19:29 INFO  o.f.core.internal.command.DbMigrate - Current version of schema `school9ssr`: 6
 2026-02-18 19:19:29 INFO  o.f.core.internal.command.DbMigrate - Schema `school9ssr` is up to date. No migration necessary.
 2026-02-18 19:19:29 INFO  org.hibernate.Version - HHH000412: Hibernate ORM core version 6.6.41.Final
 2026-02-18 19:19:29 INFO  o.h.c.i.RegionFactoryInitiator - HHH000026: Second-level cache disabled
 2026-02-18 19:19:30 INFO  o.s.o.j.p.SpringPersistenceUnitInfo - No LoadTimeWeaver setup: ignoring JPA class transformer
 2026-02-18 19:19:30 WARN  org.hibernate.orm.deprecation - HHH90000025: MySQL8Dialect does not need to be specified explicitly using 'hibernate.dialect' (remove the property setting and it will be selected by default)
 2026-02-18 19:19:30 WARN  org.hibernate.orm.deprecation - HHH90000026: MySQL8Dialect has been deprecated; use org.hibernate.dialect.MySQLDialect instead
 2026-02-18 19:19:30 INFO  o.hibernate.orm.connections.pooling - HHH10001005: Database info:
	Database JDBC URL [Connecting through datasource 'HikariDataSource (HikariPool-1)']
	Database driver: undefined/unknown
	Database version: 8.0
	Autocommit mode: undefined/unknown
	Isolation level: undefined/unknown
	Minimum pool size: undefined/unknown
	Maximum pool size: undefined/unknown
 2026-02-18 19:19:32 INFO  o.h.e.t.j.p.i.JtaPlatformInitiator - HHH000489: No JTA platform available (set 'hibernate.transaction.jta.platform' to enable JTA platform integration)
 2026-02-18 19:19:32 INFO  o.s.o.j.LocalContainerEntityManagerFactoryBean - Initialized JPA EntityManagerFactory for persistence unit 'default'
 2026-02-18 19:19:33 INFO  o.s.b.a.w.s.WelcomePageHandlerMapping - Adding welcome page template: index
 2026-02-18 19:19:34 INFO  o.s.s.c.a.a.c.InitializeUserDetailsBeanManagerConfigurer$InitializeUserDetailsManagerConfigurer - Global AuthenticationManager configured with UserDetailsService bean with name customUserDetailsService
 2026-02-18 19:19:35 INFO  o.s.b.d.a.OptionalLiveReloadServer - LiveReload server is running on port 35729
 2026-02-18 19:19:35 INFO  o.s.b.w.e.tomcat.TomcatWebServer - Tomcat started on port 8080 (http) with context path '/'
 2026-02-18 19:19:35 INFO  g.a.c.schoolapp.SchoolappApplication - Started SchoolappApplication in 13.022 seconds (process running for 13.628)
 2026-02-18 19:19:35 INFO  o.s.web.servlet.DispatcherServlet - Initializing Servlet 'dispatcherServlet'
 2026-02-18 19:19:35 INFO  o.s.web.servlet.DispatcherServlet - Completed initialization in 1 ms
 2026-02-18 19:19:45 INFO  g.a.c.s.a.CustomAuthenticationSuccessHandler - User admin@aueb.gr logged in successfully
 2026-02-18 19:20:03 INFO  g.a.c.s.a.CustomAuthenticationSuccessHandler - User cf@aueb.gr logged in successfully
 2026-02-18 19:20:18 INFO  g.a.c.s.a.CustomAuthenticationSuccessHandler - User admin@aueb.gr logged in successfully
 2026-02-18 19:20:47 INFO  g.a.c.s.a.CustomAuthenticationSuccessHandler - User admin@aueb.gr logged in successfully
 