2026-02-10 13:22:44 INFO  com.zaxxer.hikari.HikariDataSource - HikariPool-1 - Starting...
2026-02-10 13:22:44 INFO  com.zaxxer.hikari.pool.HikariPool - HikariPool-1 - Added connection com.mysql.cj.jdbc.ConnectionImpl@6c96403e
2026-02-10 13:22:44 INFO  com.zaxxer.hikari.HikariDataSource - HikariPool-1 - Start completed.
2026-02-10 18:18:04 INFO  com.zaxxer.hikari.HikariDataSource - HikariPool-1 - Starting...
2026-02-10 18:18:05 INFO  com.zaxxer.hikari.pool.HikariPool - HikariPool-1 - Added connection com.mysql.cj.jdbc.ConnectionImpl@20b829d5
2026-02-10 18:18:05 INFO  com.zaxxer.hikari.HikariDataSource - HikariPool-1 - Start completed.
2026-02-10 19:05:29 INFO  com.zaxxer.hikari.HikariDataSource - HikariPool-1 - Starting...
2026-02-10 19:05:29 INFO  com.zaxxer.hikari.pool.HikariPool - HikariPool-1 - Added connection com.mysql.cj.jdbc.ConnectionImpl@72eed547
2026-02-10 19:05:29 INFO  com.zaxxer.hikari.HikariDataSource - HikariPool-1 - Start completed.
2026-02-10 19:14:58 INFO  com.zaxxer.hikari.HikariDataSource - HikariPool-1 - Starting...
2026-02-10 19:14:59 INFO  com.zaxxer.hikari.pool.HikariPool - HikariPool-1 - Added connection com.mysql.cj.jdbc.ConnectionImpl@44cc5185
2026-02-10 19:14:59 INFO  com.zaxxer.hikari.HikariDataSource - HikariPool-1 - Start completed.
2026-02-10 19:18:31 INFO  com.zaxxer.hikari.HikariDataSource - HikariPool-1 - Starting...
2026-02-10 19:18:32 INFO  com.zaxxer.hikari.pool.HikariPool - HikariPool-1 - Added connection com.mysql.cj.jdbc.ConnectionImpl@3ea5be5a
2026-02-10 19:18:32 INFO  com.zaxxer.hikari.HikariDataSource - HikariPool-1 - Start completed.
2026-02-10 19:29:03 INFO  com.zaxxer.hikari.HikariDataSource - HikariPool-1 - Starting...
2026-02-10 19:29:04 INFO  com.zaxxer.hikari.pool.HikariPool - HikariPool-1 - Added connection com.mysql.cj.jdbc.ConnectionImpl@2e918a31
2026-02-10 19:29:04 INFO  com.zaxxer.hikari.HikariDataSource - HikariPool-1 - Start completed.
2026-02-10 19:39:52 INFO  com.zaxxer.hikari.HikariDataSource - HikariPool-1 - Shutdown initiated...
2026-02-10 19:39:52 INFO  com.zaxxer.hikari.HikariDataSource - HikariPool-1 - Shutdown completed.
2026-02-10 19:39:53 INFO  com.zaxxer.hikari.HikariDataSource - HikariPool-2 - Starting...
2026-02-10 19:39:53 INFO  com.zaxxer.hikari.pool.HikariPool - HikariPool-2 - Added connection com.mysql.cj.jdbc.ConnectionImpl@3343b8b5
2026-02-10 19:39:53 INFO  com.zaxxer.hikari.HikariDataSource - HikariPool-2 - Start completed.
2026-02-10 19:52:29 INFO  com.zaxxer.hikari.HikariDataSource - HikariPool-2 - Shutdown initiated...
2026-02-10 19:52:29 INFO  com.zaxxer.hikari.HikariDataSource - HikariPool-2 - Shutdown completed.
2026-02-10 19:52:30 INFO  com.zaxxer.hikari.HikariDataSource - HikariPool-3 - Starting...
2026-02-10 19:52:30 INFO  com.zaxxer.hikari.pool.HikariPool - HikariPool-3 - Added connection com.mysql.cj.jdbc.ConnectionImpl@19fcf8cb
2026-02-10 19:52:30 INFO  com.zaxxer.hikari.HikariDataSource - HikariPool-3 - Start completed.
2026-02-10 20:40:36 INFO  com.zaxxer.hikari.HikariDataSource - HikariPool-3 - Shutdown initiated...
2026-02-10 20:40:36 INFO  com.zaxxer.hikari.HikariDataSource - HikariPool-3 - Shutdown completed.
2026-02-10 20:40:37 INFO  com.zaxxer.hikari.HikariDataSource - HikariPool-4 - Starting...
2026-02-10 20:40:37 INFO  com.zaxxer.hikari.pool.HikariPool - HikariPool-4 - Added connection com.mysql.cj.jdbc.ConnectionImpl@6c611250
2026-02-10 20:40:37 INFO  com.zaxxer.hikari.HikariDataSource - HikariPool-4 - Start completed.
2026-02-10 20:42:38 INFO  com.zaxxer.hikari.HikariDataSource - HikariPool-1 - Starting...
2026-02-10 20:42:39 INFO  com.zaxxer.hikari.pool.HikariPool - HikariPool-1 - Added connection com.mysql.cj.jdbc.ConnectionImpl@65914bc9
2026-02-10 20:42:39 INFO  com.zaxxer.hikari.HikariDataSource - HikariPool-1 - Start completed.
2026-02-10 20:43:41 INFO  com.zaxxer.hikari.HikariDataSource - HikariPool-1 - Shutdown initiated...
2026-02-10 20:43:41 INFO  com.zaxxer.hikari.HikariDataSource - HikariPool-1 - Shutdown completed.
2026-02-10 20:43:42 INFO  com.zaxxer.hikari.HikariDataSource - HikariPool-2 - Starting...
2026-02-10 20:43:42 INFO  com.zaxxer.hikari.pool.HikariPool - HikariPool-2 - Added connection com.mysql.cj.jdbc.ConnectionImpl@39e759ed
2026-02-10 20:43:42 INFO  com.zaxxer.hikari.HikariDataSource - HikariPool-2 - Start completed.
2026-02-10 20:44:47 INFO  com.zaxxer.hikari.HikariDataSource - HikariPool-2 - Shutdown initiated...
2026-02-10 20:44:47 INFO  com.zaxxer.hikari.HikariDataSource - HikariPool-2 - Shutdown completed.
2026-02-10 20:44:59 INFO  com.zaxxer.hikari.HikariDataSource - HikariPool-1 - Starting...
2026-02-10 20:44:59 INFO  com.zaxxer.hikari.pool.HikariPool - HikariPool-1 - Added connection com.mysql.cj.jdbc.ConnectionImpl@46ac8188
2026-02-10 20:44:59 INFO  com.zaxxer.hikari.HikariDataSource - HikariPool-1 - Start completed.
2026-02-10 20:46:33 INFO  com.zaxxer.hikari.HikariDataSource - HikariPool-1 - Shutdown initiated...
2026-02-10 20:46:33 INFO  com.zaxxer.hikari.HikariDataSource - HikariPool-1 - Shutdown completed.
2026-02-10 20:46:34 INFO  com.zaxxer.hikari.HikariDataSource - HikariPool-2 - Starting...
2026-02-10 20:46:34 INFO  com.zaxxer.hikari.pool.HikariPool - HikariPool-2 - Added connection com.mysql.cj.jdbc.ConnectionImpl@1a611f65
2026-02-10 20:46:34 INFO  com.zaxxer.hikari.HikariDataSource - HikariPool-2 - Start completed.
