2026-02-18 18:08:46 - select r1_0.id,r1_0.name from roles r1_0 order by r1_0.name
2026-02-18 18:08:47 - select c1_0.role_id,c1_1.id,c1_1.description,c1_1.name from roles_capabilities c1_0 join capabilities c1_1 on c1_1.id=c1_0.capability_id where c1_0.role_id=?
2026-02-18 18:08:47 - select c1_0.role_id,c1_1.id,c1_1.description,c1_1.name from roles_capabilities c1_0 join capabilities c1_1 on c1_1.id=c1_0.capability_id where c1_0.role_id=?
2026-02-18 18:09:10 - select r1_0.id,r1_0.name from roles r1_0 order by r1_0.name
2026-02-18 18:09:10 - select c1_0.role_id,c1_1.id,c1_1.description,c1_1.name from roles_capabilities c1_0 join capabilities c1_1 on c1_1.id=c1_0.capability_id where c1_0.role_id=?
2026-02-18 18:09:10 - select c1_0.role_id,c1_1.id,c1_1.description,c1_1.name from roles_capabilities c1_0 join capabilities c1_1 on c1_1.id=c1_0.capability_id where c1_0.role_id=?
2026-02-18 18:23:27 - select r1_0.id,r1_0.name from roles r1_0 order by r1_0.name
2026-02-18 18:23:27 - select c1_0.role_id,c1_1.id,c1_1.description,c1_1.name from roles_capabilities c1_0 join capabilities c1_1 on c1_1.id=c1_0.capability_id where c1_0.role_id=?
2026-02-18 18:23:27 - select c1_0.role_id,c1_1.id,c1_1.description,c1_1.name from roles_capabilities c1_0 join capabilities c1_1 on c1_1.id=c1_0.capability_id where c1_0.role_id=?
2026-02-18 18:23:40 - select r1_0.id,r1_0.name from roles r1_0 order by r1_0.name
2026-02-18 18:23:40 - select c1_0.role_id,c1_1.id,c1_1.description,c1_1.name from roles_capabilities c1_0 join capabilities c1_1 on c1_1.id=c1_0.capability_id where c1_0.role_id=?
2026-02-18 18:23:40 - select c1_0.role_id,c1_1.id,c1_1.description,c1_1.name from roles_capabilities c1_0 join capabilities c1_1 on c1_1.id=c1_0.capability_id where c1_0.role_id=?
2026-02-18 18:24:07 - select r1_0.id,r1_0.name from roles r1_0 order by r1_0.name
2026-02-18 18:24:07 - select c1_0.role_id,c1_1.id,c1_1.description,c1_1.name from roles_capabilities c1_0 join capabilities c1_1 on c1_1.id=c1_0.capability_id where c1_0.role_id=?
2026-02-18 18:24:07 - select c1_0.role_id,c1_1.id,c1_1.description,c1_1.name from roles_capabilities c1_0 join capabilities c1_1 on c1_1.id=c1_0.capability_id where c1_0.role_id=?
2026-02-18 18:24:07 - select u1_0.id,u1_0.created_at,u1_0.deleted,u1_0.deleted_at,u1_0.password,u1_0.role_id,r1_0.id,r1_0.name,u1_0.updated_at,u1_0.username,u1_0.uuid from users u1_0 join roles r1_0 on r1_0.id=u1_0.role_id where u1_0.username=?
2026-02-18 18:24:07 - select r1_0.id,c1_0.role_id,c1_1.id,c1_1.description,c1_1.name,r1_0.name from roles r1_0 left join roles_capabilities c1_0 on r1_0.id=c1_0.role_id left join capabilities c1_1 on c1_1.id=c1_0.capability_id where r1_0.id=?
2026-02-18 18:24:07 - select u1_0.role_id,u1_0.id,u1_0.created_at,u1_0.deleted,u1_0.deleted_at,u1_0.password,u1_0.updated_at,u1_0.username,u1_0.uuid from users u1_0 where u1_0.role_id=?
2026-02-18 18:24:07 - insert into users (created_at,deleted,deleted_at,password,role_id,updated_at,username,uuid) values (?,?,?,?,?,?,?,?)
2026-02-18 18:24:07 - select r1_0.id,r1_0.name from roles r1_0 order by r1_0.name
2026-02-18 18:24:07 - select c1_0.role_id,c1_1.id,c1_1.description,c1_1.name from roles_capabilities c1_0 join capabilities c1_1 on c1_1.id=c1_0.capability_id where c1_0.role_id=?
2026-02-18 18:24:07 - select c1_0.role_id,c1_1.id,c1_1.description,c1_1.name from roles_capabilities c1_0 join capabilities c1_1 on c1_1.id=c1_0.capability_id where c1_0.role_id=?
2026-02-18 18:24:19 - select r1_0.id,r1_0.name from roles r1_0 order by r1_0.name
2026-02-18 18:24:19 - select c1_0.role_id,c1_1.id,c1_1.description,c1_1.name from roles_capabilities c1_0 join capabilities c1_1 on c1_1.id=c1_0.capability_id where c1_0.role_id=?
2026-02-18 18:24:19 - select c1_0.role_id,c1_1.id,c1_1.description,c1_1.name from roles_capabilities c1_0 join capabilities c1_1 on c1_1.id=c1_0.capability_id where c1_0.role_id=?
2026-02-18 18:24:38 - select r1_0.id,r1_0.name from roles r1_0 order by r1_0.name
2026-02-18 18:24:38 - select c1_0.role_id,c1_1.id,c1_1.description,c1_1.name from roles_capabilities c1_0 join capabilities c1_1 on c1_1.id=c1_0.capability_id where c1_0.role_id=?
2026-02-18 18:24:38 - select c1_0.role_id,c1_1.id,c1_1.description,c1_1.name from roles_capabilities c1_0 join capabilities c1_1 on c1_1.id=c1_0.capability_id where c1_0.role_id=?
2026-02-18 18:24:38 - select u1_0.id,u1_0.created_at,u1_0.deleted,u1_0.deleted_at,u1_0.password,u1_0.role_id,r1_0.id,r1_0.name,u1_0.updated_at,u1_0.username,u1_0.uuid from users u1_0 join roles r1_0 on r1_0.id=u1_0.role_id where u1_0.username=?
2026-02-18 18:24:39 - select r1_0.id,c1_0.role_id,c1_1.id,c1_1.description,c1_1.name,r1_0.name from roles r1_0 left join roles_capabilities c1_0 on r1_0.id=c1_0.role_id left join capabilities c1_1 on c1_1.id=c1_0.capability_id where r1_0.id=?
2026-02-18 18:24:39 - select u1_0.role_id,u1_0.id,u1_0.created_at,u1_0.deleted,u1_0.deleted_at,u1_0.password,u1_0.updated_at,u1_0.username,u1_0.uuid from users u1_0 where u1_0.role_id=?
2026-02-18 18:24:39 - insert into users (created_at,deleted,deleted_at,password,role_id,updated_at,username,uuid) values (?,?,?,?,?,?,?,?)
2026-02-18 18:24:39 - select r1_0.id,r1_0.name from roles r1_0 order by r1_0.name
2026-02-18 18:24:39 - select c1_0.role_id,c1_1.id,c1_1.description,c1_1.name from roles_capabilities c1_0 join capabilities c1_1 on c1_1.id=c1_0.capability_id where c1_0.role_id=?
2026-02-18 18:24:39 - select c1_0.role_id,c1_1.id,c1_1.description,c1_1.name from roles_capabilities c1_0 join capabilities c1_1 on c1_1.id=c1_0.capability_id where c1_0.role_id=?
2026-02-18 18:24:45 - select r1_0.id,r1_0.name from roles r1_0 order by r1_0.name
2026-02-18 18:24:45 - select c1_0.role_id,c1_1.id,c1_1.description,c1_1.name from roles_capabilities c1_0 join capabilities c1_1 on c1_1.id=c1_0.capability_id where c1_0.role_id=?
2026-02-18 18:24:45 - select c1_0.role_id,c1_1.id,c1_1.description,c1_1.name from roles_capabilities c1_0 join capabilities c1_1 on c1_1.id=c1_0.capability_id where c1_0.role_id=?
2026-02-18 18:48:28 - select u1_0.id,u1_0.created_at,u1_0.deleted,u1_0.deleted_at,u1_0.password,u1_0.role_id,r1_0.id,r1_0.name,u1_0.updated_at,u1_0.username,u1_0.uuid from users u1_0 join roles r1_0 on r1_0.id=u1_0.role_id where u1_0.username=?
2026-02-18 18:48:41 - select u1_0.id,u1_0.created_at,u1_0.deleted,u1_0.deleted_at,u1_0.password,u1_0.role_id,r1_0.id,r1_0.name,u1_0.updated_at,u1_0.username,u1_0.uuid from users u1_0 join roles r1_0 on r1_0.id=u1_0.role_id where u1_0.username=?
2026-02-18 18:48:45 - select r1_0.id,r1_0.name from roles r1_0 order by r1_0.name
2026-02-18 18:48:45 - select c1_0.role_id,c1_1.id,c1_1.description,c1_1.name from roles_capabilities c1_0 join capabilities c1_1 on c1_1.id=c1_0.capability_id where c1_0.role_id=?
2026-02-18 18:48:45 - select c1_0.role_id,c1_1.id,c1_1.description,c1_1.name from roles_capabilities c1_0 join capabilities c1_1 on c1_1.id=c1_0.capability_id where c1_0.role_id=?
2026-02-18 18:49:06 - select r1_0.id,r1_0.name from roles r1_0 order by r1_0.name
2026-02-18 18:49:06 - select c1_0.role_id,c1_1.id,c1_1.description,c1_1.name from roles_capabilities c1_0 join capabilities c1_1 on c1_1.id=c1_0.capability_id where c1_0.role_id=?
2026-02-18 18:49:06 - select c1_0.role_id,c1_1.id,c1_1.description,c1_1.name from roles_capabilities c1_0 join capabilities c1_1 on c1_1.id=c1_0.capability_id where c1_0.role_id=?
2026-02-18 18:49:15 - select r1_0.id,r1_0.name from roles r1_0 order by r1_0.name
2026-02-18 18:49:15 - select c1_0.role_id,c1_1.id,c1_1.description,c1_1.name from roles_capabilities c1_0 join capabilities c1_1 on c1_1.id=c1_0.capability_id where c1_0.role_id=?
2026-02-18 18:49:15 - select c1_0.role_id,c1_1.id,c1_1.description,c1_1.name from roles_capabilities c1_0 join capabilities c1_1 on c1_1.id=c1_0.capability_id where c1_0.role_id=?
2026-02-18 18:49:27 - select r1_0.id,r1_0.name from roles r1_0 order by r1_0.name
2026-02-18 18:49:27 - select c1_0.role_id,c1_1.id,c1_1.description,c1_1.name from roles_capabilities c1_0 join capabilities c1_1 on c1_1.id=c1_0.capability_id where c1_0.role_id=?
2026-02-18 18:49:27 - select c1_0.role_id,c1_1.id,c1_1.description,c1_1.name from roles_capabilities c1_0 join capabilities c1_1 on c1_1.id=c1_0.capability_id where c1_0.role_id=?
2026-02-18 18:49:42 - select r1_0.id,r1_0.name from roles r1_0 order by r1_0.name
2026-02-18 18:49:42 - select c1_0.role_id,c1_1.id,c1_1.description,c1_1.name from roles_capabilities c1_0 join capabilities c1_1 on c1_1.id=c1_0.capability_id where c1_0.role_id=?
2026-02-18 18:49:42 - select c1_0.role_id,c1_1.id,c1_1.description,c1_1.name from roles_capabilities c1_0 join capabilities c1_1 on c1_1.id=c1_0.capability_id where c1_0.role_id=?
2026-02-18 18:49:42 - select u1_0.id,u1_0.created_at,u1_0.deleted,u1_0.deleted_at,u1_0.password,u1_0.role_id,r1_0.id,r1_0.name,u1_0.updated_at,u1_0.username,u1_0.uuid from users u1_0 join roles r1_0 on r1_0.id=u1_0.role_id where u1_0.username=?
2026-02-18 18:49:43 - select r1_0.id,c1_0.role_id,c1_1.id,c1_1.description,c1_1.name,r1_0.name from roles r1_0 left join roles_capabilities c1_0 on r1_0.id=c1_0.role_id left join capabilities c1_1 on c1_1.id=c1_0.capability_id where r1_0.id=?
2026-02-18 18:49:43 - select u1_0.role_id,u1_0.id,u1_0.created_at,u1_0.deleted,u1_0.deleted_at,u1_0.password,u1_0.updated_at,u1_0.username,u1_0.uuid from users u1_0 where u1_0.role_id=?
2026-02-18 18:49:43 - insert into users (created_at,deleted,deleted_at,password,role_id,updated_at,username,uuid) values (?,?,?,?,?,?,?,?)
2026-02-18 18:49:43 - select r1_0.id,r1_0.name from roles r1_0 order by r1_0.name
2026-02-18 18:49:43 - select c1_0.role_id,c1_1.id,c1_1.description,c1_1.name from roles_capabilities c1_0 join capabilities c1_1 on c1_1.id=c1_0.capability_id where c1_0.role_id=?
2026-02-18 18:49:43 - select c1_0.role_id,c1_1.id,c1_1.description,c1_1.name from roles_capabilities c1_0 join capabilities c1_1 on c1_1.id=c1_0.capability_id where c1_0.role_id=?
2026-02-18 18:49:56 - select r1_0.id,r1_0.name from roles r1_0 order by r1_0.name
2026-02-18 18:49:56 - select c1_0.role_id,c1_1.id,c1_1.description,c1_1.name from roles_capabilities c1_0 join capabilities c1_1 on c1_1.id=c1_0.capability_id where c1_0.role_id=?
2026-02-18 18:49:56 - select c1_0.role_id,c1_1.id,c1_1.description,c1_1.name from roles_capabilities c1_0 join capabilities c1_1 on c1_1.id=c1_0.capability_id where c1_0.role_id=?
2026-02-18 18:50:06 - select r1_0.id,r1_0.name from roles r1_0 order by r1_0.name
2026-02-18 18:50:06 - select c1_0.role_id,c1_1.id,c1_1.description,c1_1.name from roles_capabilities c1_0 join capabilities c1_1 on c1_1.id=c1_0.capability_id where c1_0.role_id=?
2026-02-18 18:50:06 - select c1_0.role_id,c1_1.id,c1_1.description,c1_1.name from roles_capabilities c1_0 join capabilities c1_1 on c1_1.id=c1_0.capability_id where c1_0.role_id=?
2026-02-18 18:50:06 - select u1_0.id,u1_0.created_at,u1_0.deleted,u1_0.deleted_at,u1_0.password,u1_0.role_id,r1_0.id,r1_0.name,u1_0.updated_at,u1_0.username,u1_0.uuid from users u1_0 join roles r1_0 on r1_0.id=u1_0.role_id where u1_0.username=?
2026-02-18 18:50:07 - select r1_0.id,c1_0.role_id,c1_1.id,c1_1.description,c1_1.name,r1_0.name from roles r1_0 left join roles_capabilities c1_0 on r1_0.id=c1_0.role_id left join capabilities c1_1 on c1_1.id=c1_0.capability_id where r1_0.id=?
2026-02-18 18:50:07 - select u1_0.role_id,u1_0.id,u1_0.created_at,u1_0.deleted,u1_0.deleted_at,u1_0.password,u1_0.updated_at,u1_0.username,u1_0.uuid from users u1_0 where u1_0.role_id=?
2026-02-18 18:50:07 - insert into users (created_at,deleted,deleted_at,password,role_id,updated_at,username,uuid) values (?,?,?,?,?,?,?,?)
2026-02-18 18:50:07 - select r1_0.id,r1_0.name from roles r1_0 order by r1_0.name
2026-02-18 18:50:07 - select c1_0.role_id,c1_1.id,c1_1.description,c1_1.name from roles_capabilities c1_0 join capabilities c1_1 on c1_1.id=c1_0.capability_id where c1_0.role_id=?
2026-02-18 18:50:07 - select c1_0.role_id,c1_1.id,c1_1.description,c1_1.name from roles_capabilities c1_0 join capabilities c1_1 on c1_1.id=c1_0.capability_id where c1_0.role_id=?
2026-02-18 18:50:57 - select r1_0.id,r1_0.name from roles r1_0 order by r1_0.name
2026-02-18 18:50:57 - select c1_0.role_id,c1_1.id,c1_1.description,c1_1.name from roles_capabilities c1_0 join capabilities c1_1 on c1_1.id=c1_0.capability_id where c1_0.role_id=?
2026-02-18 18:50:57 - select c1_0.role_id,c1_1.id,c1_1.description,c1_1.name from roles_capabilities c1_0 join capabilities c1_1 on c1_1.id=c1_0.capability_id where c1_0.role_id=?
2026-02-18 18:51:16 - select r1_0.id,r1_0.name from roles r1_0 order by r1_0.name
2026-02-18 18:51:16 - select c1_0.role_id,c1_1.id,c1_1.description,c1_1.name from roles_capabilities c1_0 join capabilities c1_1 on c1_1.id=c1_0.capability_id where c1_0.role_id=?
2026-02-18 18:51:16 - select c1_0.role_id,c1_1.id,c1_1.description,c1_1.name from roles_capabilities c1_0 join capabilities c1_1 on c1_1.id=c1_0.capability_id where c1_0.role_id=?
2026-02-18 18:51:16 - select u1_0.id,u1_0.created_at,u1_0.deleted,u1_0.deleted_at,u1_0.password,u1_0.role_id,r1_0.id,r1_0.name,u1_0.updated_at,u1_0.username,u1_0.uuid from users u1_0 join roles r1_0 on r1_0.id=u1_0.role_id where u1_0.username=?
2026-02-18 18:51:17 - select r1_0.id,c1_0.role_id,c1_1.id,c1_1.description,c1_1.name,r1_0.name from roles r1_0 left join roles_capabilities c1_0 on r1_0.id=c1_0.role_id left join capabilities c1_1 on c1_1.id=c1_0.capability_id where r1_0.id=?
2026-02-18 18:51:17 - select u1_0.role_id,u1_0.id,u1_0.created_at,u1_0.deleted,u1_0.deleted_at,u1_0.password,u1_0.updated_at,u1_0.username,u1_0.uuid from users u1_0 where u1_0.role_id=?
2026-02-18 18:51:17 - insert into users (created_at,deleted,deleted_at,password,role_id,updated_at,username,uuid) values (?,?,?,?,?,?,?,?)
2026-02-18 18:51:17 - select r1_0.id,r1_0.name from roles r1_0 order by r1_0.name
2026-02-18 18:51:17 - select c1_0.role_id,c1_1.id,c1_1.description,c1_1.name from roles_capabilities c1_0 join capabilities c1_1 on c1_1.id=c1_0.capability_id where c1_0.role_id=?
2026-02-18 18:51:17 - select c1_0.role_id,c1_1.id,c1_1.description,c1_1.name from roles_capabilities c1_0 join capabilities c1_1 on c1_1.id=c1_0.capability_id where c1_0.role_id=?
2026-02-18 18:51:27 - select u1_0.id,u1_0.created_at,u1_0.deleted,u1_0.deleted_at,u1_0.password,u1_0.role_id,r1_0.id,r1_0.name,u1_0.updated_at,u1_0.username,u1_0.uuid from users u1_0 join roles r1_0 on r1_0.id=u1_0.role_id where u1_0.username=?
2026-02-18 19:02:26 - select r1_0.id,r1_0.name from roles r1_0 order by r1_0.name
2026-02-18 19:02:45 - select r1_0.id,r1_0.name from roles r1_0 order by r1_0.name
2026-02-18 19:19:44 - select u1_0.id,u1_0.created_at,u1_0.deleted,u1_0.deleted_at,u1_0.password,u1_0.role_id,r1_0.id,c1_0.role_id,c1_1.id,c1_1.description,c1_1.name,r1_0.name,u1_0.updated_at,u1_0.username,u1_0.uuid from users u1_0 join roles r1_0 on r1_0.id=u1_0.role_id left join roles_capabilities c1_0 on r1_0.id=c1_0.role_id left join capabilities c1_1 on c1_1.id=c1_0.capability_id where u1_0.username=?
2026-02-18 19:19:45 - select r1_0.id,r1_0.name from regions r1_0 order by r1_0.name
2026-02-18 19:19:45 - select t1_0.id,t1_0.created_at,t1_0.deleted,t1_0.deleted_at,t1_0.firstname,t1_0.lastname,r1_0.id,r1_0.name,t1_0.updated_at,t1_0.uuid,t1_0.vat from teachers t1_0 left join regions r1_0 on r1_0.id=t1_0.region_id where not(t1_0.deleted) order by t1_0.lastname limit ?
2026-02-18 19:20:02 - select u1_0.id,u1_0.created_at,u1_0.deleted,u1_0.deleted_at,u1_0.password,u1_0.role_id,r1_0.id,c1_0.role_id,c1_1.id,c1_1.description,c1_1.name,r1_0.name,u1_0.updated_at,u1_0.username,u1_0.uuid from users u1_0 join roles r1_0 on r1_0.id=u1_0.role_id left join roles_capabilities c1_0 on r1_0.id=c1_0.role_id left join capabilities c1_1 on c1_1.id=c1_0.capability_id where u1_0.username=?
2026-02-18 19:20:03 - select r1_0.id,r1_0.name from regions r1_0 order by r1_0.name
2026-02-18 19:20:03 - select t1_0.id,t1_0.created_at,t1_0.deleted,t1_0.deleted_at,t1_0.firstname,t1_0.lastname,r1_0.id,r1_0.name,t1_0.updated_at,t1_0.uuid,t1_0.vat from teachers t1_0 left join regions r1_0 on r1_0.id=t1_0.region_id where not(t1_0.deleted) order by t1_0.lastname limit ?
2026-02-18 19:20:17 - select u1_0.id,u1_0.created_at,u1_0.deleted,u1_0.deleted_at,u1_0.password,u1_0.role_id,r1_0.id,c1_0.role_id,c1_1.id,c1_1.description,c1_1.name,r1_0.name,u1_0.updated_at,u1_0.username,u1_0.uuid from users u1_0 join roles r1_0 on r1_0.id=u1_0.role_id left join roles_capabilities c1_0 on r1_0.id=c1_0.role_id left join capabilities c1_1 on c1_1.id=c1_0.capability_id where u1_0.username=?
2026-02-18 19:20:18 - select r1_0.id,r1_0.name from regions r1_0 order by r1_0.name
2026-02-18 19:20:18 - select t1_0.id,t1_0.created_at,t1_0.deleted,t1_0.deleted_at,t1_0.firstname,t1_0.lastname,r1_0.id,r1_0.name,t1_0.updated_at,t1_0.uuid,t1_0.vat from teachers t1_0 left join regions r1_0 on r1_0.id=t1_0.region_id where not(t1_0.deleted) order by t1_0.lastname limit ?
2026-02-18 19:20:21 - select r1_0.id,r1_0.name from regions r1_0 order by r1_0.name
2026-02-18 19:20:21 - select t1_0.id,t1_0.created_at,t1_0.deleted,t1_0.deleted_at,t1_0.firstname,t1_0.lastname,r1_0.id,r1_0.name,t1_0.updated_at,t1_0.uuid,t1_0.vat from teachers t1_0 left join regions r1_0 on r1_0.id=t1_0.region_id where not(t1_0.deleted) order by t1_0.lastname limit ?
2026-02-18 19:20:24 - select r1_0.id,r1_0.name from regions r1_0 order by r1_0.name
2026-02-18 19:20:24 - select t1_0.id,t1_0.created_at,t1_0.deleted,t1_0.deleted_at,t1_0.firstname,t1_0.lastname,r1_0.id,r1_0.name,t1_0.updated_at,t1_0.uuid,t1_0.vat from teachers t1_0 left join regions r1_0 on r1_0.id=t1_0.region_id where not(t1_0.deleted) order by t1_0.lastname limit ?
2026-02-18 19:20:26 - select r1_0.id,r1_0.name from regions r1_0 order by r1_0.name
2026-02-18 19:20:26 - select t1_0.id,t1_0.created_at,t1_0.deleted,t1_0.deleted_at,t1_0.firstname,t1_0.lastname,r1_0.id,r1_0.name,t1_0.updated_at,t1_0.uuid,t1_0.vat from teachers t1_0 left join regions r1_0 on r1_0.id=t1_0.region_id where not(t1_0.deleted) order by t1_0.lastname limit ?
2026-02-18 19:20:46 - select u1_0.id,u1_0.created_at,u1_0.deleted,u1_0.deleted_at,u1_0.password,u1_0.role_id,r1_0.id,c1_0.role_id,c1_1.id,c1_1.description,c1_1.name,r1_0.name,u1_0.updated_at,u1_0.username,u1_0.uuid from users u1_0 join roles r1_0 on r1_0.id=u1_0.role_id left join roles_capabilities c1_0 on r1_0.id=c1_0.role_id left join capabilities c1_1 on c1_1.id=c1_0.capability_id where u1_0.username=?
2026-02-18 19:20:47 - select r1_0.id,r1_0.name from regions r1_0 order by r1_0.name
2026-02-18 19:20:47 - select t1_0.id,t1_0.created_at,t1_0.deleted,t1_0.deleted_at,t1_0.firstname,t1_0.lastname,r1_0.id,r1_0.name,t1_0.updated_at,t1_0.uuid,t1_0.vat from teachers t1_0 left join regions r1_0 on r1_0.id=t1_0.region_id where not(t1_0.deleted) order by t1_0.lastname limit ?
2026-02-18 19:20:48 - select r1_0.id,r1_0.name from regions r1_0 order by r1_0.name
2026-02-18 19:20:48 - select t1_0.id,t1_0.created_at,t1_0.deleted,t1_0.deleted_at,t1_0.firstname,t1_0.lastname,r1_0.id,r1_0.name,t1_0.updated_at,t1_0.uuid,t1_0.vat from teachers t1_0 left join regions r1_0 on r1_0.id=t1_0.region_id where not(t1_0.deleted) order by t1_0.lastname limit ?
